<?xml version="1.0" encoding="UTF-8"?>
<coverage generated="1740395952170" clover="3.2.0">
  <project timestamp="1740395952171" name="All files">
    <metrics statements="53" coveredstatements="53" conditionals="30" coveredconditionals="27" methods="19" coveredmethods="19" elements="102" coveredelements="99" complexity="0" loc="53" ncloc="53" packages="2" files="7" classes="7"/>
    <package name="src">
      <metrics statements="18" coveredstatements="18" conditionals="2" coveredconditionals="2" methods="7" coveredmethods="7"/>
      <file name="App.jsx" path="C:\Users\Lenovo\Desktop\Career Foundry Tasks\Full stack immersion\Achievement 4\Meet-Up\src\App.jsx">
        <metrics statements="11" coveredstatements="11" conditionals="0" coveredconditionals="0" methods="3" coveredmethods="3"/>
        <line num="10" count="1" type="stmt"/>
        <line num="11" count="5" type="stmt"/>
        <line num="12" count="4" type="stmt"/>
        <line num="13" count="4" type="stmt"/>
        <line num="15" count="4" type="stmt"/>
        <line num="16" count="4" type="stmt"/>
        <line num="17" count="4" type="stmt"/>
        <line num="18" count="4" type="stmt"/>
        <line num="19" count="4" type="stmt"/>
        <line num="22" count="4" type="stmt"/>
        <line num="25" count="4" type="stmt"/>
      </file>
      <file name="api.js" path="C:\Users\Lenovo\Desktop\Career Foundry Tasks\Full stack immersion\Achievement 4\Meet-Up\src\api.js">
        <metrics statements="6" coveredstatements="6" conditionals="2" coveredconditionals="2" methods="4" coveredmethods="4"/>
        <line num="15" count="4" type="stmt"/>
        <line num="16" count="192" type="stmt"/>
        <line num="17" count="6" type="stmt"/>
        <line num="18" count="6" type="stmt"/>
        <line num="26" count="4" type="stmt"/>
        <line num="28" count="2041" type="cond" truecount="2" falsecount="0"/>
      </file>
      <file name="mock-data.js" path="C:\Users\Lenovo\Desktop\Career Foundry Tasks\Full stack immersion\Achievement 4\Meet-Up\src\mock-data.js">
        <metrics statements="1" coveredstatements="1" conditionals="0" coveredconditionals="0" methods="0" coveredmethods="0"/>
        <line num="4" count="4" type="stmt"/>
      </file>
    </package>
    <package name="src.components">
      <metrics statements="35" coveredstatements="35" conditionals="28" coveredconditionals="25" methods="12" coveredmethods="12"/>
      <file name="CitySearch.jsx" path="C:\Users\Lenovo\Desktop\Career Foundry Tasks\Full stack immersion\Achievement 4\Meet-Up\src\components\CitySearch.jsx">
        <metrics statements="17" coveredstatements="17" conditionals="6" coveredconditionals="4" methods="6" coveredmethods="6"/>
        <line num="4" count="2" type="stmt"/>
        <line num="5" count="27" type="stmt"/>
        <line num="6" count="27" type="stmt"/>
        <line num="7" count="27" type="stmt"/>
        <line num="9" count="27" type="stmt"/>
        <line num="10" count="12" type="stmt"/>
        <line num="11" count="12" type="cond" truecount="1" falsecount="1"/>
        <line num="12" count="288" type="cond" truecount="1" falsecount="1"/>
        <line num="16" count="12" type="stmt"/>
        <line num="17" count="12" type="stmt"/>
        <line num="20" count="27" type="stmt"/>
        <line num="21" count="1" type="stmt"/>
        <line num="22" count="1" type="stmt"/>
        <line num="23" count="1" type="stmt"/>
        <line num="25" count="27" type="stmt"/>
        <line num="32" count="3" type="stmt"/>
        <line num="38" count="24" type="stmt"/>
      </file>
      <file name="Event.jsx" path="C:\Users\Lenovo\Desktop\Career Foundry Tasks\Full stack immersion\Achievement 4\Meet-Up\src\components\Event.jsx">
        <metrics statements="4" coveredstatements="4" conditionals="12" coveredconditionals="12" methods="2" coveredmethods="2"/>
        <line num="5" count="3" type="stmt"/>
        <line num="6" count="41" type="stmt"/>
        <line num="7" count="41" type="stmt"/>
        <line num="19" count="3" type="cond" truecount="2" falsecount="0"/>
      </file>
      <file name="EventList.jsx" path="C:\Users\Lenovo\Desktop\Career Foundry Tasks\Full stack immersion\Achievement 4\Meet-Up\src\components\EventList.jsx">
        <metrics statements="3" coveredstatements="3" conditionals="2" coveredconditionals="2" methods="2" coveredmethods="2"/>
        <line num="7" count="2" type="stmt"/>
        <line num="8" count="7" type="stmt"/>
        <line num="11" count="32" type="stmt"/>
      </file>
      <file name="NumberOfEvents.jsx" path="C:\Users\Lenovo\Desktop\Career Foundry Tasks\Full stack immersion\Achievement 4\Meet-Up\src\components\NumberOfEvents.jsx">
        <metrics statements="11" coveredstatements="11" conditionals="8" coveredconditionals="7" methods="2" coveredmethods="2"/>
        <line num="3" count="2" type="stmt"/>
        <line num="4" count="11" type="stmt"/>
        <line num="6" count="11" type="stmt"/>
        <line num="7" count="4" type="stmt"/>
        <line num="8" count="4" type="cond" truecount="4" falsecount="0"/>
        <line num="9" count="2" type="stmt"/>
        <line num="10" count="2" type="stmt"/>
        <line num="12" count="2" type="stmt"/>
        <line num="13" count="2" type="stmt"/>
        <line num="14" count="2" type="stmt"/>
        <line num="18" count="11" type="stmt"/>
      </file>
    </package>
  </project>
</coverage>
