<?xml version="1.0" encoding="UTF-8"?>
<coverage generated="1740481019519" clover="3.2.0">
  <project timestamp="1740481019519" name="All files">
    <metrics statements="106" coveredstatements="71" conditionals="52" coveredconditionals="28" methods="26" coveredmethods="22" elements="184" coveredelements="121" complexity="0" loc="106" ncloc="106" packages="2" files="7" classes="7"/>
    <package name="src">
      <metrics statements="68" coveredstatements="33" conditionals="24" coveredconditionals="3" methods="13" coveredmethods="9"/>
      <file name="App.jsx" path="C:\Users\Lenovo\Desktop\Career Foundry Tasks\Full stack immersion\Achievement 4\Meet-Up\src\App.jsx">
        <metrics statements="21" coveredstatements="21" conditionals="2" coveredconditionals="2" methods="6" coveredmethods="6"/>
        <line num="11" count="4" type="stmt"/>
        <line num="12" count="21" type="stmt"/>
        <line num="13" count="20" type="stmt"/>
        <line num="14" count="20" type="stmt"/>
        <line num="15" count="20" type="stmt"/>
        <line num="16" count="20" type="stmt"/>
        <line num="18" count="20" type="stmt"/>
        <line num="19" count="8" type="stmt"/>
        <line num="20" count="8" type="stmt"/>
        <line num="21" count="8" type="stmt"/>
        <line num="22" count="8" type="stmt"/>
        <line num="25" count="8" type="stmt"/>
        <line num="28" count="20" type="stmt"/>
        <line num="29" count="12" type="stmt"/>
        <line num="32" count="20" type="stmt"/>
        <line num="33" count="12" type="stmt"/>
        <line num="34" count="12" type="cond" truecount="2" falsecount="0"/>
        <line num="36" count="35" type="stmt"/>
        <line num="37" count="12" type="stmt"/>
        <line num="38" count="12" type="stmt"/>
        <line num="40" count="20" type="stmt"/>
      </file>
      <file name="api.js" path="C:\Users\Lenovo\Desktop\Career Foundry Tasks\Full stack immersion\Achievement 4\Meet-Up\src\api.js">
        <metrics statements="46" coveredstatements="11" conditionals="22" coveredconditionals="1" methods="7" coveredmethods="3"/>
        <line num="15" count="5" type="stmt"/>
        <line num="16" count="805" type="stmt"/>
        <line num="17" count="23" type="stmt"/>
        <line num="18" count="23" type="stmt"/>
        <line num="20" count="5" type="stmt"/>
        <line num="21" count="0" type="stmt"/>
        <line num="24" count="0" type="stmt"/>
        <line num="25" count="0" type="stmt"/>
        <line num="32" count="5" type="stmt"/>
        <line num="35" count="31" type="cond" truecount="1" falsecount="1"/>
        <line num="36" count="31" type="stmt"/>
        <line num="38" count="0" type="stmt"/>
        <line num="41" count="0" type="cond" truecount="0" falsecount="2"/>
        <line num="42" count="0" type="stmt"/>
        <line num="43" count="0" type="stmt"/>
        <line num="44" count="0" type="stmt"/>
        <line num="45" count="0" type="stmt"/>
        <line num="46" count="0" type="cond" truecount="0" falsecount="2"/>
        <line num="47" count="0" type="stmt"/>
        <line num="48" count="0" type="stmt"/>
        <line num="53" count="5" type="stmt"/>
        <line num="54" count="0" type="stmt"/>
        <line num="55" count="0" type="cond" truecount="0" falsecount="2"/>
        <line num="58" count="0" type="cond" truecount="0" falsecount="4"/>
        <line num="59" count="0" type="stmt"/>
        <line num="60" count="0" type="stmt"/>
        <line num="61" count="0" type="stmt"/>
        <line num="62" count="0" type="cond" truecount="0" falsecount="2"/>
        <line num="63" count="0" type="stmt"/>
        <line num="66" count="0" type="stmt"/>
        <line num="67" count="0" type="stmt"/>
        <line num="68" count="0" type="stmt"/>
        <line num="70" count="0" type="cond" truecount="0" falsecount="2"/>
        <line num="72" count="0" type="stmt"/>
        <line num="75" count="5" type="stmt"/>
        <line num="77" count="0" type="cond" truecount="0" falsecount="4"/>
        <line num="78" count="0" type="stmt"/>
        <line num="83" count="0" type="stmt"/>
        <line num="85" count="0" type="stmt"/>
        <line num="86" count="0" type="stmt"/>
        <line num="90" count="5" type="stmt"/>
        <line num="91" count="0" type="stmt"/>
        <line num="92" count="0" type="stmt"/>
        <line num="95" count="0" type="stmt"/>
        <line num="96" count="0" type="cond" truecount="0" falsecount="2"/>
        <line num="99" count="0" type="stmt"/>
      </file>
      <file name="mock-data.js" path="C:\Users\Lenovo\Desktop\Career Foundry Tasks\Full stack immersion\Achievement 4\Meet-Up\src\mock-data.js">
        <metrics statements="1" coveredstatements="1" conditionals="0" coveredconditionals="0" methods="0" coveredmethods="0"/>
        <line num="3" count="5" type="stmt"/>
      </file>
    </package>
    <package name="src.components">
      <metrics statements="38" coveredstatements="38" conditionals="28" coveredconditionals="25" methods="13" coveredmethods="13"/>
      <file name="CitySearch.jsx" path="C:\Users\Lenovo\Desktop\Career Foundry Tasks\Full stack immersion\Achievement 4\Meet-Up\src\components\CitySearch.jsx">
        <metrics statements="20" coveredstatements="20" conditionals="6" coveredconditionals="4" methods="7" coveredmethods="7"/>
        <line num="3" count="4" type="stmt"/>
        <line num="4" count="74" type="stmt"/>
        <line num="5" count="74" type="stmt"/>
        <line num="6" count="74" type="stmt"/>
        <line num="8" count="74" type="stmt"/>
        <line num="9" count="18" type="stmt"/>
        <line num="10" count="18" type="cond" truecount="1" falsecount="1"/>
        <line num="11" count="36" type="cond" truecount="1" falsecount="1"/>
        <line num="14" count="18" type="stmt"/>
        <line num="15" count="18" type="stmt"/>
        <line num="18" count="74" type="stmt"/>
        <line num="19" count="2" type="stmt"/>
        <line num="20" count="2" type="stmt"/>
        <line num="21" count="2" type="stmt"/>
        <line num="22" count="2" type="stmt"/>
        <line num="25" count="74" type="stmt"/>
        <line num="26" count="23" type="stmt"/>
        <line num="29" count="74" type="stmt"/>
        <line num="36" count="5" type="stmt"/>
        <line num="42" count="26" type="stmt"/>
      </file>
      <file name="Event.jsx" path="C:\Users\Lenovo\Desktop\Career Foundry Tasks\Full stack immersion\Achievement 4\Meet-Up\src\components\Event.jsx">
        <metrics statements="4" coveredstatements="4" conditionals="12" coveredconditionals="12" methods="2" coveredmethods="2"/>
        <line num="2" count="5" type="stmt"/>
        <line num="3" count="265" type="stmt"/>
        <line num="4" count="265" type="stmt"/>
        <line num="16" count="3" type="cond" truecount="2" falsecount="0"/>
      </file>
      <file name="EventList.jsx" path="C:\Users\Lenovo\Desktop\Career Foundry Tasks\Full stack immersion\Achievement 4\Meet-Up\src\components\EventList.jsx">
        <metrics statements="3" coveredstatements="3" conditionals="2" coveredconditionals="1" methods="2" coveredmethods="2"/>
        <line num="4" count="4" type="stmt"/>
        <line num="5" count="23" type="stmt"/>
        <line num="8" count="256" type="stmt"/>
      </file>
      <file name="NumberOfEvents.jsx" path="C:\Users\Lenovo\Desktop\Career Foundry Tasks\Full stack immersion\Achievement 4\Meet-Up\src\components\NumberOfEvents.jsx">
        <metrics statements="11" coveredstatements="11" conditionals="8" coveredconditionals="8" methods="2" coveredmethods="2"/>
        <line num="3" count="4" type="stmt"/>
        <line num="4" count="27" type="stmt"/>
        <line num="6" count="27" type="stmt"/>
        <line num="7" count="7" type="stmt"/>
        <line num="8" count="7" type="cond" truecount="4" falsecount="0"/>
        <line num="9" count="2" type="stmt"/>
        <line num="10" count="2" type="stmt"/>
        <line num="12" count="5" type="stmt"/>
        <line num="13" count="5" type="stmt"/>
        <line num="14" count="5" type="stmt"/>
        <line num="18" count="27" type="stmt"/>
      </file>
    </package>
  </project>
</coverage>
