{"C:\\Users\\Lenovo\\Desktop\\Career Foundry Tasks\\Full stack immersion\\Achievement 4\\Meet-Up\\src\\App.jsx": {"path":"C:\\Users\\Lenovo\\Desktop\\Career Foundry Tasks\\Full stack immersion\\Achievement 4\\Meet-Up\\src\\App.jsx","statementMap":{"0":{"start":{"line":11,"column":12},"end":{"line":48,"column":1}},"1":{"start":{"line":12,"column":42},"end":{"line":12,"column":54}},"2":{"start":{"line":13,"column":46},"end":{"line":13,"column":58}},"3":{"start":{"line":14,"column":38},"end":{"line":14,"column":50}},"4":{"start":{"line":15,"column":30},"end":{"line":15,"column":42}},"5":{"start":{"line":16,"column":38},"end":{"line":16,"column":50}},"6":{"start":{"line":18,"column":2},"end":{"line":26,"column":9}},"7":{"start":{"line":19,"column":27},"end":{"line":23,"column":5}},"8":{"start":{"line":20,"column":21},"end":{"line":20,"column":38}},"9":{"start":{"line":21,"column":24},"end":{"line":21,"column":48}},"10":{"start":{"line":22,"column":6},"end":{"line":22,"column":33}},"11":{"start":{"line":25,"column":4},"end":{"line":25,"column":21}},"12":{"start":{"line":28,"column":2},"end":{"line":30,"column":9}},"13":{"start":{"line":29,"column":4},"end":{"line":29,"column":16}},"14":{"start":{"line":32,"column":20},"end":{"line":35,"column":3}},"15":{"start":{"line":33,"column":22},"end":{"line":33,"column":39}},"16":{"start":{"line":34,"column":4},"end":{"line":34,"column":46}},"17":{"start":{"line":37,"column":2},"end":{"line":47,"column":4}}},"fnMap":{"0":{"name":"(anonymous_0)","decl":{"start":{"line":11,"column":12},"end":{"line":11,"column":13}},"loc":{"start":{"line":11,"column":18},"end":{"line":48,"column":1}},"line":11},"1":{"name":"(anonymous_1)","decl":{"start":{"line":18,"column":12},"end":{"line":18,"column":13}},"loc":{"start":{"line":18,"column":18},"end":{"line":26,"column":3}},"line":18},"2":{"name":"(anonymous_2)","decl":{"start":{"line":19,"column":27},"end":{"line":19,"column":28}},"loc":{"start":{"line":19,"column":39},"end":{"line":23,"column":5}},"line":19},"3":{"name":"(anonymous_3)","decl":{"start":{"line":28,"column":12},"end":{"line":28,"column":13}},"loc":{"start":{"line":28,"column":18},"end":{"line":30,"column":3}},"line":28},"4":{"name":"(anonymous_4)","decl":{"start":{"line":32,"column":20},"end":{"line":32,"column":21}},"loc":{"start":{"line":32,"column":32},"end":{"line":35,"column":3}},"line":32}},"branchMap":{},"s":{"0":2,"1":7,"2":6,"3":6,"4":6,"5":6,"6":6,"7":5,"8":5,"9":5,"10":5,"11":5,"12":6,"13":5,"14":6,"15":5,"16":5,"17":6},"f":{"0":7,"1":5,"2":5,"3":5,"4":5},"b":{},"_coverageSchema":"1a1c01bbd47fc00a2c39e90264f33305004495a9","hash":"a740edfc3435763c29d9262cee0f922f9222a552"}
,"C:\\Users\\Lenovo\\Desktop\\Career Foundry Tasks\\Full stack immersion\\Achievement 4\\Meet-Up\\src\\api.js": {"path":"C:\\Users\\Lenovo\\Desktop\\Career Foundry Tasks\\Full stack immersion\\Achievement 4\\Meet-Up\\src\\api.js","statementMap":{"0":{"start":{"line":15,"column":32},"end":{"line":19,"column":1}},"1":{"start":{"line":16,"column":31},"end":{"line":16,"column":68}},"2":{"start":{"line":16,"column":53},"end":{"line":16,"column":67}},"3":{"start":{"line":17,"column":22},"end":{"line":17,"column":54}},"4":{"start":{"line":18,"column":4},"end":{"line":18,"column":21}},"5":{"start":{"line":26,"column":25},"end":{"line":29,"column":1}},"6":{"start":{"line":28,"column":4},"end":{"line":28,"column":93}},"7":{"start":{"line":28,"column":36},"end":{"line":28,"column":91}}},"fnMap":{"0":{"name":"(anonymous_0)","decl":{"start":{"line":15,"column":32},"end":{"line":15,"column":33}},"loc":{"start":{"line":15,"column":44},"end":{"line":19,"column":1}},"line":15},"1":{"name":"(anonymous_1)","decl":{"start":{"line":16,"column":42},"end":{"line":16,"column":43}},"loc":{"start":{"line":16,"column":53},"end":{"line":16,"column":67}},"line":16},"2":{"name":"(anonymous_2)","decl":{"start":{"line":26,"column":25},"end":{"line":26,"column":26}},"loc":{"start":{"line":26,"column":37},"end":{"line":29,"column":1}},"line":26},"3":{"name":"(anonymous_3)","decl":{"start":{"line":28,"column":27},"end":{"line":28,"column":28}},"loc":{"start":{"line":28,"column":36},"end":{"line":28,"column":91}},"line":28}},"branchMap":{"0":{"loc":{"start":{"line":28,"column":36},"end":{"line":28,"column":91}},"type":"binary-expr","locations":[{"start":{"line":28,"column":36},"end":{"line":28,"column":64}},{"start":{"line":28,"column":68},"end":{"line":28,"column":91}}],"line":28}},"s":{"0":4,"1":7,"2":224,"3":7,"4":7,"5":4,"6":19,"7":2983},"f":{"0":7,"1":224,"2":19,"3":2983},"b":{"0":[2983,608]},"_coverageSchema":"1a1c01bbd47fc00a2c39e90264f33305004495a9","hash":"b928aceb2b4e9d7de6d275f676b9d596c4633e1f"}
,"C:\\Users\\Lenovo\\Desktop\\Career Foundry Tasks\\Full stack immersion\\Achievement 4\\Meet-Up\\src\\mock-data.js": {"path":"C:\\Users\\Lenovo\\Desktop\\Career Foundry Tasks\\Full stack immersion\\Achievement 4\\Meet-Up\\src\\mock-data.js","statementMap":{"0":{"start":{"line":4,"column":17},"end":{"line":6443,"column":9}}},"fnMap":{},"branchMap":{},"s":{"0":4},"f":{},"b":{},"_coverageSchema":"1a1c01bbd47fc00a2c39e90264f33305004495a9","hash":"2e17703683bd60f3695016abb169b92b1e562e9e"}
,"C:\\Users\\Lenovo\\Desktop\\Career Foundry Tasks\\Full stack immersion\\Achievement 4\\Meet-Up\\src\\components\\CitySearch.jsx": {"path":"C:\\Users\\Lenovo\\Desktop\\Career Foundry Tasks\\Full stack immersion\\Achievement 4\\Meet-Up\\src\\components\\CitySearch.jsx","statementMap":{"0":{"start":{"line":4,"column":19},"end":{"line":49,"column":1}},"1":{"start":{"line":5,"column":50},"end":{"line":5,"column":65}},"2":{"start":{"line":6,"column":30},"end":{"line":6,"column":42}},"3":{"start":{"line":7,"column":42},"end":{"line":7,"column":54}},"4":{"start":{"line":9,"column":31},"end":{"line":18,"column":5}},"5":{"start":{"line":10,"column":22},"end":{"line":10,"column":40}},"6":{"start":{"line":11,"column":34},"end":{"line":14,"column":16}},"7":{"start":{"line":12,"column":12},"end":{"line":12,"column":83}},"8":{"start":{"line":16,"column":8},"end":{"line":16,"column":24}},"9":{"start":{"line":17,"column":8},"end":{"line":17,"column":42}},"10":{"start":{"line":20,"column":30},"end":{"line":24,"column":5}},"11":{"start":{"line":21,"column":22},"end":{"line":21,"column":46}},"12":{"start":{"line":22,"column":8},"end":{"line":22,"column":24}},"13":{"start":{"line":23,"column":8},"end":{"line":23,"column":34}},"14":{"start":{"line":25,"column":4},"end":{"line":47,"column":5}},"15":{"start":{"line":32,"column":31},"end":{"line":32,"column":55}},"16":{"start":{"line":38,"column":24},"end":{"line":38,"column":97}}},"fnMap":{"0":{"name":"(anonymous_0)","decl":{"start":{"line":4,"column":19},"end":{"line":4,"column":20}},"loc":{"start":{"line":4,"column":41},"end":{"line":49,"column":1}},"line":4},"1":{"name":"(anonymous_1)","decl":{"start":{"line":9,"column":31},"end":{"line":9,"column":32}},"loc":{"start":{"line":9,"column":42},"end":{"line":18,"column":5}},"line":9},"2":{"name":"(anonymous_2)","decl":{"start":{"line":11,"column":69},"end":{"line":11,"column":70}},"loc":{"start":{"line":12,"column":12},"end":{"line":12,"column":83}},"line":12},"3":{"name":"(anonymous_3)","decl":{"start":{"line":20,"column":30},"end":{"line":20,"column":31}},"loc":{"start":{"line":20,"column":41},"end":{"line":24,"column":5}},"line":20},"4":{"name":"(anonymous_4)","decl":{"start":{"line":32,"column":25},"end":{"line":32,"column":26}},"loc":{"start":{"line":32,"column":31},"end":{"line":32,"column":55}},"line":32},"5":{"name":"(anonymous_5)","decl":{"start":{"line":37,"column":37},"end":{"line":37,"column":38}},"loc":{"start":{"line":37,"column":53},"end":{"line":39,"column":21}},"line":37}},"branchMap":{"0":{"loc":{"start":{"line":11,"column":34},"end":{"line":14,"column":16}},"type":"cond-expr","locations":[{"start":{"line":11,"column":49},"end":{"line":13,"column":9}},{"start":{"line":14,"column":14},"end":{"line":14,"column":16}}],"line":11},"1":{"loc":{"start":{"line":12,"column":12},"end":{"line":12,"column":83}},"type":"cond-expr","locations":[{"start":{"line":12,"column":23},"end":{"line":12,"column":75}},{"start":{"line":12,"column":78},"end":{"line":12,"column":83}}],"line":12},"2":{"loc":{"start":{"line":35,"column":13},"end":{"line":44,"column":22}},"type":"cond-expr","locations":[{"start":{"line":36,"column":16},"end":{"line":43,"column":21}},{"start":{"line":44,"column":18},"end":{"line":44,"column":22}}],"line":35}},"s":{"0":3,"1":29,"2":29,"3":29,"4":29,"5":12,"6":12,"7":288,"8":12,"9":12,"10":29,"11":1,"12":1,"13":1,"14":29,"15":3,"16":24},"f":{"0":29,"1":12,"2":288,"3":1,"4":3,"5":24},"b":{"0":[12,0],"1":[288,0],"2":[15,14]},"_coverageSchema":"1a1c01bbd47fc00a2c39e90264f33305004495a9","hash":"e4f9ae8667022e941c359dd4abbc4eea73cf528a"}
,"C:\\Users\\Lenovo\\Desktop\\Career Foundry Tasks\\Full stack immersion\\Achievement 4\\Meet-Up\\src\\components\\Event.jsx": {"path":"C:\\Users\\Lenovo\\Desktop\\Career Foundry Tasks\\Full stack immersion\\Achievement 4\\Meet-Up\\src\\components\\Event.jsx","statementMap":{"0":{"start":{"line":3,"column":14},"end":{"line":24,"column":1}},"1":{"start":{"line":4,"column":39},"end":{"line":4,"column":54}},"2":{"start":{"line":5,"column":1},"end":{"line":23,"column":3}},"3":{"start":{"line":17,"column":5},"end":{"line":17,"column":64}}},"fnMap":{"0":{"name":"(anonymous_0)","decl":{"start":{"line":3,"column":14},"end":{"line":3,"column":15}},"loc":{"start":{"line":3,"column":29},"end":{"line":24,"column":1}},"line":3},"1":{"name":"(anonymous_1)","decl":{"start":{"line":16,"column":13},"end":{"line":16,"column":14}},"loc":{"start":{"line":16,"column":19},"end":{"line":18,"column":5}},"line":16}},"branchMap":{"0":{"loc":{"start":{"line":7,"column":8},"end":{"line":7,"column":30}},"type":"binary-expr","locations":[{"start":{"line":7,"column":8},"end":{"line":7,"column":13}},{"start":{"line":7,"column":17},"end":{"line":7,"column":30}}],"line":7},"1":{"loc":{"start":{"line":10,"column":7},"end":{"line":10,"column":53}},"type":"binary-expr","locations":[{"start":{"line":10,"column":7},"end":{"line":10,"column":12}},{"start":{"line":10,"column":16},"end":{"line":10,"column":53}}],"line":10},"2":{"loc":{"start":{"line":11,"column":4},"end":{"line":13,"column":11}},"type":"cond-expr","locations":[{"start":{"line":12,"column":4},"end":{"line":12,"column":59}},{"start":{"line":13,"column":7},"end":{"line":13,"column":11}}],"line":11},"3":{"loc":{"start":{"line":12,"column":28},"end":{"line":12,"column":54}},"type":"binary-expr","locations":[{"start":{"line":12,"column":28},"end":{"line":12,"column":33}},{"start":{"line":12,"column":37},"end":{"line":12,"column":54}}],"line":12},"4":{"loc":{"start":{"line":17,"column":5},"end":{"line":17,"column":63}},"type":"cond-expr","locations":[{"start":{"line":17,"column":19},"end":{"line":17,"column":40}},{"start":{"line":17,"column":43},"end":{"line":17,"column":63}}],"line":17},"5":{"loc":{"start":{"line":20,"column":5},"end":{"line":20,"column":50}},"type":"cond-expr","locations":[{"start":{"line":20,"column":19},"end":{"line":20,"column":33}},{"start":{"line":20,"column":36},"end":{"line":20,"column":50}}],"line":20}},"s":{"0":3,"1":73,"2":73,"3":3},"f":{"0":73,"1":3},"b":{"0":[73,73],"1":[73,73],"2":[2,71],"3":[2,2],"4":[1,2],"5":[2,71]},"_coverageSchema":"1a1c01bbd47fc00a2c39e90264f33305004495a9","hash":"d196c855a6da0ec9a43b5833dd3d9e367affa501"}
,"C:\\Users\\Lenovo\\Desktop\\Career Foundry Tasks\\Full stack immersion\\Achievement 4\\Meet-Up\\src\\components\\EventList.jsx": {"path":"C:\\Users\\Lenovo\\Desktop\\Career Foundry Tasks\\Full stack immersion\\Achievement 4\\Meet-Up\\src\\components\\EventList.jsx","statementMap":{"0":{"start":{"line":5,"column":18},"end":{"line":13,"column":1}},"1":{"start":{"line":6,"column":4},"end":{"line":12,"column":6}},"2":{"start":{"line":9,"column":36},"end":{"line":9,"column":74}}},"fnMap":{"0":{"name":"(anonymous_0)","decl":{"start":{"line":5,"column":18},"end":{"line":5,"column":19}},"loc":{"start":{"line":5,"column":34},"end":{"line":13,"column":1}},"line":5},"1":{"name":"(anonymous_1)","decl":{"start":{"line":9,"column":27},"end":{"line":9,"column":28}},"loc":{"start":{"line":9,"column":36},"end":{"line":9,"column":74}},"line":9}},"branchMap":{"0":{"loc":{"start":{"line":8,"column":13},"end":{"line":10,"column":20}},"type":"cond-expr","locations":[{"start":{"line":9,"column":16},"end":{"line":9,"column":75}},{"start":{"line":10,"column":16},"end":{"line":10,"column":20}}],"line":8}},"s":{"0":2,"1":9,"2":64},"f":{"0":9,"1":64},"b":{"0":[9,0]},"_coverageSchema":"1a1c01bbd47fc00a2c39e90264f33305004495a9","hash":"a728754043a8faef5cd743671d5e3e3c45bd9487"}
,"C:\\Users\\Lenovo\\Desktop\\Career Foundry Tasks\\Full stack immersion\\Achievement 4\\Meet-Up\\src\\components\\NumberOfEvents.jsx": {"path":"C:\\Users\\Lenovo\\Desktop\\Career Foundry Tasks\\Full stack immersion\\Achievement 4\\Meet-Up\\src\\components\\NumberOfEvents.jsx","statementMap":{"0":{"start":{"line":4,"column":23},"end":{"line":33,"column":1}},"1":{"start":{"line":5,"column":30},"end":{"line":5,"column":42}},"2":{"start":{"line":7,"column":31},"end":{"line":17,"column":5}},"3":{"start":{"line":8,"column":22},"end":{"line":8,"column":54}},"4":{"start":{"line":9,"column":8},"end":{"line":16,"column":9}},"5":{"start":{"line":10,"column":12},"end":{"line":10,"column":51}},"6":{"start":{"line":11,"column":12},"end":{"line":11,"column":56}},"7":{"start":{"line":13,"column":12},"end":{"line":13,"column":25}},"8":{"start":{"line":14,"column":12},"end":{"line":14,"column":30}},"9":{"start":{"line":15,"column":12},"end":{"line":15,"column":37}},"10":{"start":{"line":19,"column":4},"end":{"line":32,"column":6}}},"fnMap":{"0":{"name":"(anonymous_0)","decl":{"start":{"line":4,"column":23},"end":{"line":4,"column":24}},"loc":{"start":{"line":4,"column":81},"end":{"line":33,"column":1}},"line":4},"1":{"name":"(anonymous_1)","decl":{"start":{"line":7,"column":31},"end":{"line":7,"column":32}},"loc":{"start":{"line":7,"column":42},"end":{"line":17,"column":5}},"line":7}},"branchMap":{"0":{"loc":{"start":{"line":9,"column":8},"end":{"line":16,"column":9}},"type":"if","locations":[{"start":{"line":9,"column":8},"end":{"line":16,"column":9}},{"start":{"line":12,"column":15},"end":{"line":16,"column":9}}],"line":9},"1":{"loc":{"start":{"line":9,"column":12},"end":{"line":9,"column":35}},"type":"binary-expr","locations":[{"start":{"line":9,"column":12},"end":{"line":9,"column":21}},{"start":{"line":9,"column":25},"end":{"line":9,"column":35}}],"line":9},"2":{"loc":{"start":{"line":26,"column":23},"end":{"line":26,"column":43}},"type":"binary-expr","locations":[{"start":{"line":26,"column":23},"end":{"line":26,"column":37}},{"start":{"line":26,"column":41},"end":{"line":26,"column":43}}],"line":26},"3":{"loc":{"start":{"line":30,"column":13},"end":{"line":30,"column":64}},"type":"binary-expr","locations":[{"start":{"line":30,"column":13},"end":{"line":30,"column":18}},{"start":{"line":30,"column":22},"end":{"line":30,"column":64}}],"line":30}},"s":{"0":3,"1":13,"2":13,"3":4,"4":4,"5":2,"6":2,"7":2,"8":2,"9":2,"10":13},"f":{"0":13,"1":4},"b":{"0":[2,2],"1":[4,2],"2":[13,0],"3":[13,2]},"_coverageSchema":"1a1c01bbd47fc00a2c39e90264f33305004495a9","hash":"66e19100a2ab9287907fba78558bdac6b9099148"}
}
