{"C:\\Users\\Lenovo\\Desktop\\Career Foundry Tasks\\Full stack immersion\\Achievement 4\\Meet-Up\\src\\App.jsx": {"path":"C:\\Users\\Lenovo\\Desktop\\Career Foundry Tasks\\Full stack immersion\\Achievement 4\\Meet-Up\\src\\App.jsx","statementMap":{"0":{"start":{"line":11,"column":12},"end":{"line":52,"column":1}},"1":{"start":{"line":12,"column":42},"end":{"line":12,"column":54}},"2":{"start":{"line":13,"column":46},"end":{"line":13,"column":58}},"3":{"start":{"line":14,"column":38},"end":{"line":14,"column":50}},"4":{"start":{"line":15,"column":30},"end":{"line":15,"column":42}},"5":{"start":{"line":16,"column":38},"end":{"line":16,"column":50}},"6":{"start":{"line":17,"column":40},"end":{"line":17,"column":66}},"7":{"start":{"line":19,"column":2},"end":{"line":27,"column":9}},"8":{"start":{"line":20,"column":27},"end":{"line":24,"column":5}},"9":{"start":{"line":21,"column":21},"end":{"line":21,"column":38}},"10":{"start":{"line":22,"column":24},"end":{"line":22,"column":48}},"11":{"start":{"line":23,"column":6},"end":{"line":23,"column":33}},"12":{"start":{"line":26,"column":4},"end":{"line":26,"column":21}},"13":{"start":{"line":29,"column":2},"end":{"line":31,"column":20}},"14":{"start":{"line":30,"column":4},"end":{"line":30,"column":16}},"15":{"start":{"line":33,"column":20},"end":{"line":40,"column":3}},"16":{"start":{"line":34,"column":22},"end":{"line":34,"column":39}},"17":{"start":{"line":35,"column":27},"end":{"line":37,"column":63}},"18":{"start":{"line":37,"column":32},"end":{"line":37,"column":62}},"19":{"start":{"line":38,"column":4},"end":{"line":38,"column":51}},"20":{"start":{"line":39,"column":4},"end":{"line":39,"column":49}},"21":{"start":{"line":41,"column":2},"end":{"line":51,"column":4}}},"fnMap":{"0":{"name":"(anonymous_0)","decl":{"start":{"line":11,"column":12},"end":{"line":11,"column":13}},"loc":{"start":{"line":11,"column":18},"end":{"line":52,"column":1}},"line":11},"1":{"name":"(anonymous_1)","decl":{"start":{"line":19,"column":12},"end":{"line":19,"column":13}},"loc":{"start":{"line":19,"column":18},"end":{"line":27,"column":3}},"line":19},"2":{"name":"(anonymous_2)","decl":{"start":{"line":20,"column":27},"end":{"line":20,"column":28}},"loc":{"start":{"line":20,"column":39},"end":{"line":24,"column":5}},"line":20},"3":{"name":"(anonymous_3)","decl":{"start":{"line":29,"column":12},"end":{"line":29,"column":13}},"loc":{"start":{"line":29,"column":18},"end":{"line":31,"column":3}},"line":29},"4":{"name":"(anonymous_4)","decl":{"start":{"line":33,"column":20},"end":{"line":33,"column":21}},"loc":{"start":{"line":33,"column":32},"end":{"line":40,"column":3}},"line":33},"5":{"name":"(anonymous_5)","decl":{"start":{"line":37,"column":23},"end":{"line":37,"column":24}},"loc":{"start":{"line":37,"column":32},"end":{"line":37,"column":62}},"line":37}},"branchMap":{"0":{"loc":{"start":{"line":35,"column":27},"end":{"line":37,"column":63}},"type":"cond-expr","locations":[{"start":{"line":36,"column":6},"end":{"line":36,"column":15}},{"start":{"line":37,"column":6},"end":{"line":37,"column":63}}],"line":35}},"s":{"0":3,"1":13,"2":12,"3":12,"4":12,"5":12,"6":12,"7":12,"8":7,"9":7,"10":7,"11":7,"12":7,"13":12,"14":8,"15":12,"16":8,"17":8,"18":35,"19":8,"20":8,"21":12},"f":{"0":13,"1":7,"2":7,"3":8,"4":8,"5":35},"b":{"0":[7,1]},"_coverageSchema":"1a1c01bbd47fc00a2c39e90264f33305004495a9","hash":"85bdee124887843b8378f5000a537e28e2e2290e"}
,"C:\\Users\\Lenovo\\Desktop\\Career Foundry Tasks\\Full stack immersion\\Achievement 4\\Meet-Up\\src\\api.js": {"path":"C:\\Users\\Lenovo\\Desktop\\Career Foundry Tasks\\Full stack immersion\\Achievement 4\\Meet-Up\\src\\api.js","statementMap":{"0":{"start":{"line":15,"column":32},"end":{"line":19,"column":1}},"1":{"start":{"line":16,"column":31},"end":{"line":16,"column":68}},"2":{"start":{"line":16,"column":53},"end":{"line":16,"column":67}},"3":{"start":{"line":17,"column":22},"end":{"line":17,"column":54}},"4":{"start":{"line":18,"column":4},"end":{"line":18,"column":21}},"5":{"start":{"line":26,"column":25},"end":{"line":29,"column":1}},"6":{"start":{"line":28,"column":4},"end":{"line":28,"column":93}},"7":{"start":{"line":28,"column":36},"end":{"line":28,"column":91}}},"fnMap":{"0":{"name":"(anonymous_0)","decl":{"start":{"line":15,"column":32},"end":{"line":15,"column":33}},"loc":{"start":{"line":15,"column":44},"end":{"line":19,"column":1}},"line":15},"1":{"name":"(anonymous_1)","decl":{"start":{"line":16,"column":42},"end":{"line":16,"column":43}},"loc":{"start":{"line":16,"column":53},"end":{"line":16,"column":67}},"line":16},"2":{"name":"(anonymous_2)","decl":{"start":{"line":26,"column":25},"end":{"line":26,"column":26}},"loc":{"start":{"line":26,"column":37},"end":{"line":29,"column":1}},"line":26},"3":{"name":"(anonymous_3)","decl":{"start":{"line":28,"column":27},"end":{"line":28,"column":28}},"loc":{"start":{"line":28,"column":36},"end":{"line":28,"column":91}},"line":28}},"branchMap":{"0":{"loc":{"start":{"line":28,"column":36},"end":{"line":28,"column":91}},"type":"binary-expr","locations":[{"start":{"line":28,"column":36},"end":{"line":28,"column":64}},{"start":{"line":28,"column":68},"end":{"line":28,"column":91}}],"line":28}},"s":{"0":4,"1":18,"2":630,"3":18,"4":18,"5":4,"6":26,"7":910},"f":{"0":18,"1":630,"2":26,"3":910},"b":{"0":[910,910]},"_coverageSchema":"1a1c01bbd47fc00a2c39e90264f33305004495a9","hash":"b928aceb2b4e9d7de6d275f676b9d596c4633e1f"}
,"C:\\Users\\Lenovo\\Desktop\\Career Foundry Tasks\\Full stack immersion\\Achievement 4\\Meet-Up\\src\\mock-data.js": {"path":"C:\\Users\\Lenovo\\Desktop\\Career Foundry Tasks\\Full stack immersion\\Achievement 4\\Meet-Up\\src\\mock-data.js","statementMap":{"0":{"start":{"line":3,"column":17},"end":{"line":1369,"column":1}}},"fnMap":{},"branchMap":{},"s":{"0":4},"f":{},"b":{},"_coverageSchema":"1a1c01bbd47fc00a2c39e90264f33305004495a9","hash":"f004a85abc7089958612142262b170257c227358"}
,"C:\\Users\\Lenovo\\Desktop\\Career Foundry Tasks\\Full stack immersion\\Achievement 4\\Meet-Up\\src\\components\\CitySearch.jsx": {"path":"C:\\Users\\Lenovo\\Desktop\\Career Foundry Tasks\\Full stack immersion\\Achievement 4\\Meet-Up\\src\\components\\CitySearch.jsx","statementMap":{"0":{"start":{"line":4,"column":19},"end":{"line":54,"column":1}},"1":{"start":{"line":5,"column":50},"end":{"line":5,"column":65}},"2":{"start":{"line":6,"column":30},"end":{"line":6,"column":42}},"3":{"start":{"line":7,"column":42},"end":{"line":7,"column":54}},"4":{"start":{"line":9,"column":31},"end":{"line":17,"column":5}},"5":{"start":{"line":10,"column":22},"end":{"line":10,"column":40}},"6":{"start":{"line":11,"column":34},"end":{"line":13,"column":12}},"7":{"start":{"line":12,"column":12},"end":{"line":12,"column":83}},"8":{"start":{"line":15,"column":8},"end":{"line":15,"column":24}},"9":{"start":{"line":16,"column":8},"end":{"line":16,"column":42}},"10":{"start":{"line":19,"column":30},"end":{"line":24,"column":5}},"11":{"start":{"line":20,"column":22},"end":{"line":20,"column":46}},"12":{"start":{"line":21,"column":8},"end":{"line":21,"column":24}},"13":{"start":{"line":22,"column":8},"end":{"line":22,"column":34}},"14":{"start":{"line":23,"column":8},"end":{"line":23,"column":30}},"15":{"start":{"line":26,"column":4},"end":{"line":28,"column":28}},"16":{"start":{"line":27,"column":8},"end":{"line":27,"column":37}},"17":{"start":{"line":30,"column":4},"end":{"line":52,"column":5}},"18":{"start":{"line":37,"column":31},"end":{"line":37,"column":55}},"19":{"start":{"line":43,"column":24},"end":{"line":43,"column":97}}},"fnMap":{"0":{"name":"(anonymous_0)","decl":{"start":{"line":4,"column":19},"end":{"line":4,"column":20}},"loc":{"start":{"line":4,"column":57},"end":{"line":54,"column":1}},"line":4},"1":{"name":"(anonymous_1)","decl":{"start":{"line":9,"column":31},"end":{"line":9,"column":32}},"loc":{"start":{"line":9,"column":42},"end":{"line":17,"column":5}},"line":9},"2":{"name":"(anonymous_2)","decl":{"start":{"line":11,"column":69},"end":{"line":11,"column":70}},"loc":{"start":{"line":12,"column":12},"end":{"line":12,"column":83}},"line":12},"3":{"name":"(anonymous_3)","decl":{"start":{"line":19,"column":30},"end":{"line":19,"column":31}},"loc":{"start":{"line":19,"column":41},"end":{"line":24,"column":5}},"line":19},"4":{"name":"(anonymous_4)","decl":{"start":{"line":26,"column":14},"end":{"line":26,"column":15}},"loc":{"start":{"line":26,"column":20},"end":{"line":28,"column":5}},"line":26},"5":{"name":"(anonymous_5)","decl":{"start":{"line":37,"column":25},"end":{"line":37,"column":26}},"loc":{"start":{"line":37,"column":31},"end":{"line":37,"column":55}},"line":37},"6":{"name":"(anonymous_6)","decl":{"start":{"line":42,"column":37},"end":{"line":42,"column":38}},"loc":{"start":{"line":42,"column":53},"end":{"line":44,"column":21}},"line":42}},"branchMap":{"0":{"loc":{"start":{"line":11,"column":34},"end":{"line":13,"column":12}},"type":"cond-expr","locations":[{"start":{"line":11,"column":49},"end":{"line":13,"column":9}},{"start":{"line":13,"column":10},"end":{"line":13,"column":12}}],"line":11},"1":{"loc":{"start":{"line":12,"column":12},"end":{"line":12,"column":83}},"type":"cond-expr","locations":[{"start":{"line":12,"column":23},"end":{"line":12,"column":75}},{"start":{"line":12,"column":78},"end":{"line":12,"column":83}}],"line":12},"2":{"loc":{"start":{"line":40,"column":13},"end":{"line":49,"column":22}},"type":"cond-expr","locations":[{"start":{"line":41,"column":16},"end":{"line":48,"column":21}},{"start":{"line":49,"column":18},"end":{"line":49,"column":22}}],"line":40}},"s":{"0":3,"1":60,"2":60,"3":60,"4":60,"5":18,"6":18,"7":36,"8":18,"9":18,"10":60,"11":2,"12":2,"13":2,"14":2,"15":60,"16":17,"17":60,"18":5,"19":26},"f":{"0":60,"1":18,"2":36,"3":2,"4":17,"5":5,"6":26},"b":{"0":[18,0],"1":[36,0],"2":[24,36]},"_coverageSchema":"1a1c01bbd47fc00a2c39e90264f33305004495a9","hash":"6a0f15dfbc3e16cf41559845877aa55346bc6851"}
,"C:\\Users\\Lenovo\\Desktop\\Career Foundry Tasks\\Full stack immersion\\Achievement 4\\Meet-Up\\src\\components\\Event.jsx": {"path":"C:\\Users\\Lenovo\\Desktop\\Career Foundry Tasks\\Full stack immersion\\Achievement 4\\Meet-Up\\src\\components\\Event.jsx","statementMap":{"0":{"start":{"line":3,"column":14},"end":{"line":24,"column":1}},"1":{"start":{"line":4,"column":39},"end":{"line":4,"column":54}},"2":{"start":{"line":5,"column":1},"end":{"line":23,"column":3}},"3":{"start":{"line":17,"column":5},"end":{"line":17,"column":64}}},"fnMap":{"0":{"name":"(anonymous_0)","decl":{"start":{"line":3,"column":14},"end":{"line":3,"column":15}},"loc":{"start":{"line":3,"column":29},"end":{"line":24,"column":1}},"line":3},"1":{"name":"(anonymous_1)","decl":{"start":{"line":16,"column":13},"end":{"line":16,"column":14}},"loc":{"start":{"line":16,"column":19},"end":{"line":18,"column":5}},"line":16}},"branchMap":{"0":{"loc":{"start":{"line":7,"column":8},"end":{"line":7,"column":30}},"type":"binary-expr","locations":[{"start":{"line":7,"column":8},"end":{"line":7,"column":13}},{"start":{"line":7,"column":17},"end":{"line":7,"column":30}}],"line":7},"1":{"loc":{"start":{"line":10,"column":7},"end":{"line":10,"column":53}},"type":"binary-expr","locations":[{"start":{"line":10,"column":7},"end":{"line":10,"column":12}},{"start":{"line":10,"column":16},"end":{"line":10,"column":53}}],"line":10},"2":{"loc":{"start":{"line":11,"column":4},"end":{"line":13,"column":11}},"type":"cond-expr","locations":[{"start":{"line":12,"column":4},"end":{"line":12,"column":59}},{"start":{"line":13,"column":7},"end":{"line":13,"column":11}}],"line":11},"3":{"loc":{"start":{"line":12,"column":28},"end":{"line":12,"column":54}},"type":"binary-expr","locations":[{"start":{"line":12,"column":28},"end":{"line":12,"column":33}},{"start":{"line":12,"column":37},"end":{"line":12,"column":54}}],"line":12},"4":{"loc":{"start":{"line":17,"column":5},"end":{"line":17,"column":63}},"type":"cond-expr","locations":[{"start":{"line":17,"column":19},"end":{"line":17,"column":40}},{"start":{"line":17,"column":43},"end":{"line":17,"column":63}}],"line":17},"5":{"loc":{"start":{"line":20,"column":5},"end":{"line":20,"column":50}},"type":"cond-expr","locations":[{"start":{"line":20,"column":19},"end":{"line":20,"column":33}},{"start":{"line":20,"column":36},"end":{"line":20,"column":50}}],"line":20}},"s":{"0":4,"1":189,"2":189,"3":3},"f":{"0":189,"1":3},"b":{"0":[189,189],"1":[189,189],"2":[2,187],"3":[2,2],"4":[1,2],"5":[2,187]},"_coverageSchema":"1a1c01bbd47fc00a2c39e90264f33305004495a9","hash":"d196c855a6da0ec9a43b5833dd3d9e367affa501"}
,"C:\\Users\\Lenovo\\Desktop\\Career Foundry Tasks\\Full stack immersion\\Achievement 4\\Meet-Up\\src\\components\\EventList.jsx": {"path":"C:\\Users\\Lenovo\\Desktop\\Career Foundry Tasks\\Full stack immersion\\Achievement 4\\Meet-Up\\src\\components\\EventList.jsx","statementMap":{"0":{"start":{"line":5,"column":18},"end":{"line":13,"column":1}},"1":{"start":{"line":6,"column":4},"end":{"line":12,"column":6}},"2":{"start":{"line":9,"column":36},"end":{"line":9,"column":74}}},"fnMap":{"0":{"name":"(anonymous_0)","decl":{"start":{"line":5,"column":18},"end":{"line":5,"column":19}},"loc":{"start":{"line":5,"column":34},"end":{"line":13,"column":1}},"line":5},"1":{"name":"(anonymous_1)","decl":{"start":{"line":9,"column":27},"end":{"line":9,"column":28}},"loc":{"start":{"line":9,"column":36},"end":{"line":9,"column":74}},"line":9}},"branchMap":{"0":{"loc":{"start":{"line":8,"column":13},"end":{"line":10,"column":20}},"type":"cond-expr","locations":[{"start":{"line":9,"column":16},"end":{"line":9,"column":75}},{"start":{"line":10,"column":16},"end":{"line":10,"column":20}}],"line":8}},"s":{"0":3,"1":15,"2":180},"f":{"0":15,"1":180},"b":{"0":[15,0]},"_coverageSchema":"1a1c01bbd47fc00a2c39e90264f33305004495a9","hash":"a728754043a8faef5cd743671d5e3e3c45bd9487"}
,"C:\\Users\\Lenovo\\Desktop\\Career Foundry Tasks\\Full stack immersion\\Achievement 4\\Meet-Up\\src\\components\\NumberOfEvents.jsx": {"path":"C:\\Users\\Lenovo\\Desktop\\Career Foundry Tasks\\Full stack immersion\\Achievement 4\\Meet-Up\\src\\components\\NumberOfEvents.jsx","statementMap":{"0":{"start":{"line":4,"column":23},"end":{"line":33,"column":1}},"1":{"start":{"line":5,"column":30},"end":{"line":5,"column":42}},"2":{"start":{"line":7,"column":31},"end":{"line":17,"column":5}},"3":{"start":{"line":8,"column":22},"end":{"line":8,"column":54}},"4":{"start":{"line":9,"column":8},"end":{"line":16,"column":9}},"5":{"start":{"line":10,"column":12},"end":{"line":10,"column":51}},"6":{"start":{"line":11,"column":12},"end":{"line":11,"column":56}},"7":{"start":{"line":13,"column":12},"end":{"line":13,"column":25}},"8":{"start":{"line":14,"column":12},"end":{"line":14,"column":30}},"9":{"start":{"line":15,"column":12},"end":{"line":15,"column":37}},"10":{"start":{"line":19,"column":4},"end":{"line":32,"column":6}}},"fnMap":{"0":{"name":"(anonymous_0)","decl":{"start":{"line":4,"column":23},"end":{"line":4,"column":24}},"loc":{"start":{"line":4,"column":81},"end":{"line":33,"column":1}},"line":4},"1":{"name":"(anonymous_1)","decl":{"start":{"line":7,"column":31},"end":{"line":7,"column":32}},"loc":{"start":{"line":7,"column":42},"end":{"line":17,"column":5}},"line":7}},"branchMap":{"0":{"loc":{"start":{"line":9,"column":8},"end":{"line":16,"column":9}},"type":"if","locations":[{"start":{"line":9,"column":8},"end":{"line":16,"column":9}},{"start":{"line":12,"column":15},"end":{"line":16,"column":9}}],"line":9},"1":{"loc":{"start":{"line":9,"column":12},"end":{"line":9,"column":35}},"type":"binary-expr","locations":[{"start":{"line":9,"column":12},"end":{"line":9,"column":21}},{"start":{"line":9,"column":25},"end":{"line":9,"column":35}}],"line":9},"2":{"loc":{"start":{"line":26,"column":23},"end":{"line":26,"column":43}},"type":"binary-expr","locations":[{"start":{"line":26,"column":23},"end":{"line":26,"column":37}},{"start":{"line":26,"column":41},"end":{"line":26,"column":43}}],"line":26},"3":{"loc":{"start":{"line":30,"column":13},"end":{"line":30,"column":64}},"type":"binary-expr","locations":[{"start":{"line":30,"column":13},"end":{"line":30,"column":18}},{"start":{"line":30,"column":22},"end":{"line":30,"column":64}}],"line":30}},"s":{"0":4,"1":19,"2":19,"3":4,"4":4,"5":2,"6":2,"7":2,"8":2,"9":2,"10":19},"f":{"0":19,"1":4},"b":{"0":[2,2],"1":[4,2],"2":[19,0],"3":[19,2]},"_coverageSchema":"1a1c01bbd47fc00a2c39e90264f33305004495a9","hash":"66e19100a2ab9287907fba78558bdac6b9099148"}
}
