TN:
SF:src\App.jsx
FN:11,(anonymous_0)
FN:18,(anonymous_1)
FN:19,(anonymous_2)
FN:28,(anonymous_3)
FN:32,(anonymous_4)
FN:36,(anonymous_5)
FNF:6
FNH:6
FNDA:21,(anonymous_0)
FNDA:8,(anonymous_1)
FNDA:8,(anonymous_2)
FNDA:12,(anonymous_3)
FNDA:12,(anonymous_4)
FNDA:35,(anonymous_5)
DA:11,4
DA:12,21
DA:13,20
DA:14,20
DA:15,20
DA:16,20
DA:18,20
DA:19,8
DA:20,8
DA:21,8
DA:22,8
DA:25,8
DA:28,20
DA:29,12
DA:32,20
DA:33,12
DA:34,12
DA:36,35
DA:37,12
DA:38,12
DA:40,20
LF:21
LH:21
BRDA:34,0,0,11
BRDA:34,0,1,1
BRF:2
BRH:2
end_of_record
TN:
SF:src\api.js
FN:15,(anonymous_0)
FN:16,(anonymous_1)
FN:20,(anonymous_2)
FN:32,(anonymous_3)
FN:53,(anonymous_4)
FN:75,(anonymous_5)
FN:90,(anonymous_6)
FNF:7
FNH:3
FNDA:23,(anonymous_0)
FNDA:805,(anonymous_1)
FNDA:0,(anonymous_2)
FNDA:31,(anonymous_3)
FNDA:0,(anonymous_4)
FNDA:0,(anonymous_5)
FNDA:0,(anonymous_6)
DA:15,5
DA:16,805
DA:17,23
DA:18,23
DA:20,5
DA:21,0
DA:24,0
DA:25,0
DA:32,5
DA:35,31
DA:36,31
DA:38,0
DA:41,0
DA:42,0
DA:43,0
DA:44,0
DA:45,0
DA:46,0
DA:47,0
DA:48,0
DA:53,5
DA:54,0
DA:55,0
DA:58,0
DA:59,0
DA:60,0
DA:61,0
DA:62,0
DA:63,0
DA:66,0
DA:67,0
DA:68,0
DA:70,0
DA:72,0
DA:75,5
DA:77,0
DA:78,0
DA:83,0
DA:85,0
DA:86,0
DA:90,5
DA:91,0
DA:92,0
DA:95,0
DA:96,0
DA:99,0
LF:46
LH:11
BRDA:35,0,0,31
BRDA:35,0,1,0
BRDA:41,1,0,0
BRDA:41,1,1,0
BRDA:46,2,0,0
BRDA:46,2,1,0
BRDA:55,3,0,0
BRDA:55,3,1,0
BRDA:58,4,0,0
BRDA:58,4,1,0
BRDA:58,5,0,0
BRDA:58,5,1,0
BRDA:62,6,0,0
BRDA:62,6,1,0
BRDA:70,7,0,0
BRDA:70,7,1,0
BRDA:77,8,0,0
BRDA:77,8,1,0
BRDA:77,9,0,0
BRDA:77,9,1,0
BRDA:96,10,0,0
BRDA:96,10,1,0
BRF:22
BRH:1
end_of_record
TN:
SF:src\mock-data.js
FNF:0
FNH:0
DA:3,5
LF:1
LH:1
BRF:0
BRH:0
end_of_record
TN:
SF:src\components\CitySearch.jsx
FN:4,(anonymous_0)
FN:9,(anonymous_1)
FN:11,(anonymous_2)
FN:19,(anonymous_3)
FN:26,(anonymous_4)
FN:37,(anonymous_5)
FN:42,(anonymous_6)
FNF:7
FNH:7
FNDA:74,(anonymous_0)
FNDA:18,(anonymous_1)
FNDA:36,(anonymous_2)
FNDA:2,(anonymous_3)
FNDA:23,(anonymous_4)
FNDA:5,(anonymous_5)
FNDA:26,(anonymous_6)
DA:4,4
DA:5,74
DA:6,74
DA:7,74
DA:9,74
DA:10,18
DA:11,18
DA:12,36
DA:15,18
DA:16,18
DA:19,74
DA:20,2
DA:21,2
DA:22,2
DA:23,2
DA:26,74
DA:27,23
DA:30,74
DA:37,5
DA:43,26
LF:20
LH:20
BRDA:11,0,0,18
BRDA:11,0,1,0
BRDA:12,1,0,36
BRDA:12,1,1,0
BRDA:40,2,0,24
BRDA:40,2,1,50
BRF:6
BRH:4
end_of_record
TN:
SF:src\components\Event.jsx
FN:3,(anonymous_0)
FN:16,(anonymous_1)
FNF:2
FNH:2
FNDA:265,(anonymous_0)
FNDA:3,(anonymous_1)
DA:3,5
DA:4,265
DA:5,265
DA:17,3
LF:4
LH:4
BRDA:7,0,0,265
BRDA:7,0,1,265
BRDA:10,1,0,265
BRDA:10,1,1,265
BRDA:11,2,0,2
BRDA:11,2,1,263
BRDA:12,3,0,2
BRDA:12,3,1,2
BRDA:17,4,0,1
BRDA:17,4,1,2
BRDA:20,5,0,2
BRDA:20,5,1,263
BRF:12
BRH:12
end_of_record
TN:
SF:src\components\EventList.jsx
FN:5,(anonymous_0)
FN:9,(anonymous_1)
FNF:2
FNH:2
FNDA:23,(anonymous_0)
FNDA:256,(anonymous_1)
DA:5,4
DA:6,23
DA:9,256
LF:3
LH:3
BRDA:8,0,0,23
BRDA:8,0,1,0
BRF:2
BRH:1
end_of_record
TN:
SF:src\components\NumberOfEvents.jsx
FN:4,(anonymous_0)
FN:7,(anonymous_1)
FNF:2
FNH:2
FNDA:27,(anonymous_0)
FNDA:7,(anonymous_1)
DA:4,4
DA:5,27
DA:7,27
DA:8,7
DA:9,7
DA:10,2
DA:11,2
DA:13,5
DA:14,5
DA:15,5
DA:19,27
LF:11
LH:11
BRDA:9,0,0,2
BRDA:9,0,1,5
BRDA:9,1,0,7
BRDA:9,1,1,5
BRDA:26,2,0,27
BRDA:26,2,1,2
BRDA:30,3,0,27
BRDA:30,3,1,2
BRF:8
BRH:8
end_of_record
